22229357.606849
11786406.462198
0.000000
0.000000
0.000000
0.000009
0.000000
0.000000
0.000000
0.000000
0.936913
323.197535
0.000000
0.000000
0.000000
0.000000
0.000000
0.000000
0.010639
0.000000
0.000000
2182.727324
0.000000
0.000000
0.000000
0.000000
0.000000
0.000000
0.000000
0.000003
0.000320
0.000000
0.038850
0.000000
0.000000
0.000000
0.000000
0.000000
0.000000
1729849.065389
0.000000
0.000000
0.000001
0.000000
0.000000
0.000000
0.000000
19560.789586
0.000000
0.000000
0.000000
0.000000
0.000000
0.000000
0.000025
0.000000
0.000000
0.000000
0.000000
0.000000
0.000000
0.000000
6.833870
0.000000
0.001337
0.000000
0.000000
0.015233
0.000000
0.000000
0.001715
0.000000
0.000000
0.000000
0.000000
0.000000
0.000000
0.000000
0.006716
0.000000
293978.578903
0.000000
0.013521
0.002405
0.000000
0.000000
0.000000
0.000000
0.000000
0.000000
0.000000
0.000000
37.313892
0.000000
0.000000
0.000000
0.000000
0.178564
0.000000
0.000000
