1599342727.518707
194.554850
5818.039624
642.792152
4123.613194
456.806909
5357.821649
2334.190105
4862.521851
3575.926354
4928.604198
834.623633
6053.213479
4637.885629
1920.635867
3526.010507
1987.443103
1703.830134
44.797090
5592.824202
4978.332089
3016.936390
1836.322880
1098.750376
5392.577818
68.755958
2560.333827
2098.816144
4037.238531
5180.733570
3269.797648
5556.780394
6512.393681
2993.639125
3714.323929
3356.580776
5780.832493
3130.227284
5405.655979
6090.745844
2479.757774
4365.788626
2250.297201
791.375782
65.774264
597.135797
5982.219697
2299.700487
2179.470090
250.088616
2858.283507
5918.703791
3785.760149
3695.301193
146.809890
500.714510
5544.282631
4341.752134
1342.482955
1928.396834
122.489094
1569.258350
31.142612
61.637174
6123.316605
1481.125999
5477.834561
1925.206889
683.936968
2298.818243
154.684589
1226.476139
684.446333
476.839229
3954.196479
1131.106869
5388.165047
1538.002584
3681.924072
4500.580665
979.986752
200.659387
1787.444778
1352.100564
1673.014932
3682.590000
672.333092
311.276173
3912.614478
5236.184325
3866.714917
2647.411653
3315.045951
2405.170867
671.752258
256.014805
3398.943647
467.899646
2498.984959
4630.188809
