10488.410920
536831.466232
10.487012
302.041327
255.890811
44693.016732
104.497773
63776.987337
237366.496308
19.117577
383.946466
645.415712
142.689288
48.581533
32339.711192
3922977.536158
74985232.858605
9245.603202
4436.695048
165.754339
549.355209
462.568554
61.356682
35.654815
10.536922
79.301181
185.275880
7561.610992
400.647184
584.561553
2485310.136979
106.896596
8.587081
232.881487
214.779079
38075.798270
1734.109610
1044685.784839
229.366655
41615.640510
0.323868
25754.056698
38.297365
1010.503681
1.634956
4773933.688669
103.368600
373.347648
1603749.752828
539124.236550
119777.870260
15645.658967
13.801615
278439.003064
325.062095
222.020795
824.399066
2828.195516
19606.868210
49293.170607
531392.824598
4360.212708
103.969083
86.814383
882.376213
630.416032
196023.134969
29.958780
244492.018180
20292.957943
2321045.729147
47785.714701
167893.368041
344.273121
601689.072234
48675.819051
28.025800
91.584426
120.330688
198.844405
53.940468
133820.062419
2173422.079735
286.993210
305224.734966
172.289952
2557.995703
3283.774483
1023.589999
62.573542
102.708688
984057.823874
968846.295553
541558.607805
18015118.359230
74358.621140
113.473930
247.837802
292.662582
490.391199
0.000000
0.000000
0.000000
0.000000
0.000000
0.000000
0.000000
0.000000
0.000000
0.000000
0.000000
0.000000
0.000000
0.000000
0.000000
0.000000
0.000000
0.000000
0.000000
0.000000
0.000000
0.000000
0.000000
0.000000
0.000000
0.000000
0.000000
0.000000
0.000000
0.000000
0.000000
0.000000
0.000000
0.000000
0.000000
0.000000
0.000000
0.000000
0.000000
0.000000
0.000000
0.000000
0.000000
0.000000
0.000000
0.000000
0.000000
0.000000
0.000000
0.000000
0.000000
0.000000
0.000000
0.000000
0.000000
0.000000
0.000000
0.000000
0.000000
0.000000
0.000000
0.000000
0.000000
0.000000
0.000000
0.000000
0.000000
0.000000
0.000000
0.000000
0.000000
0.000000
0.000000
0.000000
0.000000
0.000000
0.000000
0.000000
0.000000
0.000000
0.000000
0.000000
0.000000
0.000000
0.000000
0.000000
0.000000
0.000000
0.000000
0.000000
0.000000
0.000000
0.000000
0.000000
0.000000
0.000000
0.000000
0.000000
0.000000
0.000000
