14073.772936
37.558412
135.798146
14.395646
0.037369
2047.416485
25.672110
379.046663
163.967463
251752.531918
173392.428908
500861.399754
5794499.621545
4.487450
33.358161
406427.300304
19.132873
3681.974000
15.248883
440.880886
1942736.616228
272.947037
220.976523
341.037096
681.306419
1.195437
1423.198769
74045.782802
816040.979411
5.609569
16492.718179
461.723255
381.137408
31.664016
78.773749
114.706442
4.681612
191.675745
252.537300
63.934154
456.542708
14156773.108612
10.548225
6789.394255
13.589514
46782.176821
2503.182918
244791.504648
1920.543650
64.867922
7261.325645
430704.820632
651.467148
10.521334
172.558511
967.415318
304.522013
287.648315
29.144085
4.589997
115.126983
0.218983
6.158774
2.230607
116293.354192
639.204051
1.322325
20451.289245
28468.028354
22408.497498
675.637939
368292.282379
90.757621
3.690339
58714735.061439
1693.440099
48094.766151
2400.177256
15063562.743505
28.346068
2209274.228890
596.161952
96985.359249
352.485886
1693.948829
59874.074485
10269.604164
4759.112046
1.684344
143220.880326
14.060500
720.193846
3.005719
209.281302
0.695579
299.840110
0.177055
221.927337
29.973422
3.291190
0.000000
0.000000
0.000000
0.000000
0.000000
0.000000
0.000000
0.000000
0.000000
0.000000
0.000000
0.000000
0.000000
0.000000
0.000000
0.000000
0.000000
0.000000
0.000000
0.000000
0.000000
0.000000
0.000000
0.000000
0.000000
0.000000
0.000000
0.000000
0.000000
0.000000
0.000000
0.000000
0.000000
0.000000
0.000000
0.000000
0.000000
0.000000
0.000000
0.000000
0.000000
0.000000
0.000000
0.000000
0.000000
0.000000
0.000000
0.000000
0.000000
0.000000
0.000000
0.000000
0.000000
0.000000
0.000000
0.000000
0.000000
0.000000
0.000000
0.000000
0.000000
0.000000
0.000000
0.000000
0.000000
0.000000
0.000000
0.000000
0.000000
0.000000
0.000000
0.000000
0.000000
0.000000
0.000000
0.000000
0.000000
0.000000
0.000000
0.000000
0.000000
0.000000
0.000000
0.000000
0.000000
0.000000
0.000000
0.000000
0.000000
0.000000
0.000000
0.000000
0.000000
0.000000
0.000000
0.000000
0.000000
0.000000
0.000000
0.000000
