154.136487
981331.919598
42941.332903
1318787.675125
248986.511779
7794399.079709
898.780588
5670.493866
4555603.528330
1836.094811
553.652292
221.620036
4831.185783
5014473.020091
6587.762572
2153411.505520
1374.393035
5439685.585836
753.222466
56.774524
1331.650676
20100.379082
23983523.318315
1161.229258
579.817604
1271.775531
979885.710261
36587.839776
3013.476151
512.648208
243213.210988
126186.938503
2213849.652909
373.779830
2884.068112
1567.924566
12.600995
1111582.017103
2939.793371
2537517.641389
1505.948843
288.761560
308.771115
3383.679766
26.052718
181.943574
280.274961
43858.454838
159332.615720
976.921789
238.008740
3804715.995075
1527.355977
112755984.487759
25217.644090
411.070765
1495.749571
572.620928
167269.703740
1066441.907542
289.173845
313679.912639
26.799907
125.560489
406231.500722
496.284955
62.866964
700.517897
1723.214072
1791.119546
1263.246200
15306509.173261
46145877.183201
1223.504642
5249350.291977
26274.598597
577977.787011
191.318644
277.158135
782.481162
0.345356
59850.487858
237.297301
30174.654667
3065738.223040
147.631913
97196.385950
425774.698824
25372544.570143
19657.347449
292.669819
1417.747620
111.419456
207.301544
176.067798
154300.152111
611305.000748
2035457.876265
1.033845
54319.825093
0.000000
0.000000
0.000000
0.000000
0.000000
0.000000
0.000000
0.000000
0.000000
0.000000
0.000000
0.000000
0.000000
0.000000
0.000000
0.000000
0.000000
0.000000
0.000000
0.000000
0.000000
0.000000
0.000000
0.000000
0.000000
0.000000
0.000000
0.000000
0.000000
0.000000
0.000000
0.000000
0.000000
0.000000
0.000000
0.000000
0.000000
0.000000
0.000000
0.000000
0.000000
0.000000
0.000000
0.000000
0.000000
0.000000
0.000000
0.000000
0.000000
0.000000
0.000000
0.000000
0.000000
0.000000
0.000000
0.000000
0.000000
0.000000
0.000000
0.000000
0.000000
0.000000
0.000000
0.000000
0.000000
0.000000
0.000000
0.000000
0.000000
0.000000
0.000000
0.000000
0.000000
0.000000
0.000000
0.000000
0.000000
0.000000
0.000000
0.000000
0.000000
0.000000
0.000000
0.000000
0.000000
0.000000
0.000000
0.000000
0.000000
0.000000
0.000000
0.000000
0.000000
0.000000
0.000000
0.000000
0.000000
0.000000
0.000000
0.000000
