3459.072053
34.558400
11263688.135438
496.081721
102.245639
2716.942353
3313.157684
404196.636155
65050.804216
16267661.867614
1846.329930
6752.905517
32.707621
169.785900
329554.572784
0.000234
935091.664269
286.980659
3940.272029
1175.098634
1585.251890
10915.676714
3490.224221
31533002.485070
8515730.319662
20900647.080315
0.000409
4404984.268063
60.540876
415.186632
3215.419083
2861.265937
71.436162
18535702.967567
1891640.149618
463.322556
50903089.734061
126.421103
134479.061732
701.412288
2177.217735
4614.218499
7454.580587
4859.194667
2917.371782
0.253350
107949738.213127
5082605.984658
3971879.583777
378.798030
7.363229
2999.368276
51835.005597
570.780911
80361.143324
310.391590
10207947.669287
0.000001
596.516817
17622.340741
26.963674
69877.563568
134.172629
29007576.991497
460.755929
85986.930220
14934336.471575
1271.874217
1321.446402
205.555941
10121318.826405
6.844182
139584.001195
0.000179
72.842024
26509478.162212
258712.432414
0.001260
285.980878
20066.851499
2729.136800
120.840229
13000604.117850
389453.078384
283.906155
1237.558403
1011.159515
1808.728582
48.688695
517149.741930
6438479.081284
276.514225
108.973366
0.011557
3103.465193
42917475.489080
26949.781912
3200.439455
303888.395136
3793.808644
