21089.910342
86.457542
3828.075253
50.092232
752.319079
2.694285
9.327229
313959.705408
34471.767757
244.512305
3.047294
17697.363462
21502226.396604
7225.654263
7630.241791
10.905495
68.601454
1166.454158
24.049124
30091.614876
30.294506
4.442649
2.338436
688.368297
5852.731430
1.302293
2489.194319
1256.595460
67.693170
5284.673446
14684.344940
61.681443
1040.526605
3.122522
155.251497
17.726871
3948.764613
65.224574
42106966.892931
7624.555478
551.964686
27.115397
132.057425
7.636256
6.223766
1141.225690
316377.894793
25.086085
2686.103713
68078181.401096
74801.504128
11171.862733
2.670048
3038.037404
198.245188
16.395409
2248.717378
1186976.219188
5.380128
4482003.916720
52180.088262
73689.797440
6.006918
5.058658
33.286091
22.664640
564.049645
511.641804
1331.616046
122.999000
63.520906
6539.167236
58.409881
13.358226
110.971747
5211.471499
33.566805
76.753354
87.982751
51.185870
5.267133
1115.122737
39.485645
3110.029842
18436.055289
230.224190
21.979489
13380.958480
1454846.785079
1699.986103
22.329875
395.194632
2818.494105
3112.090095
811.488264
2570357.747535
810.072921
8.004064
9404.563964
41.049697
