5820232.451087
0.000000
0.000000
0.000000
0.000000
0.000000
0.000000
0.000284
0.000000
0.000000
0.000000
0.000000
0.000000
0.000299
0.000000
0.000000
0.000000
0.000000
7096230.984169
270.363151
0.000000
0.000000
0.000000
0.000000
0.000000
44410.285900
611.211735
0.000000
0.000000
619173.771074
0.000585
0.000000
0.000000
105597.902643
0.000038
0.000000
0.000000
0.000005
2.001655
0.000000
0.000000
0.000000
0.000000
0.000000
0.000000
0.000000
0.000000
107.842877
0.000988
0.000061
0.000000
0.000000
0.000000
0.000000
0.000000
0.000000
0.000000
0.000000
0.000000
20151528.125151
0.000000
0.000000
0.000000
206170.447772
0.000000
0.000000
0.000000
0.091046
0.000000
0.000167
0.000000
0.012210
0.000044
5929.913168
0.000000
0.000000
0.000000
0.000000
0.000000
0.000000
0.000000
0.000000
0.000000
0.000000
0.000000
0.000000
0.000000
0.000000
0.000000
0.000000
0.000000
0.000000
0.000000
0.000000
0.001621
0.000000
0.000000
0.000000
0.000000
0.000000
