379601.731479
0.000000
0.000000
0.000000
0.000000
0.000000
0.000000
0.000000
0.000000
0.000000
0.000000
0.000000
0.000000
0.000004
0.000000
0.000000
0.000000
0.000000
0.000000
2.411267
0.000000
0.000000
0.000000
0.000000
0.003076
0.000000
0.000000
0.000000
0.000004
0.000000
0.000000
0.215850
73.217217
0.003452
0.000000
0.000000
0.002471
0.000000
0.000000
0.000000
0.000000
0.000000
0.000000
0.000000
0.000000
0.000000
0.000408
0.000000
0.000000
0.000000
0.000000
0.000000
0.000070
0.000000
0.000000
0.000000
1378.992560
0.000000
0.000000
0.000000
0.000000
0.000000
0.000000
0.000942
0.000000
0.000000
0.000000
0.025949
0.000000
0.000000
0.000000
0.000000
0.000000
0.000000
0.000000
0.000000
0.000000
0.000000
0.000000
0.000000
0.000000
0.000000
0.000000
0.000000
0.000000
0.031656
0.000000
0.000000
0.000000
0.000001
0.000000
0.000000
0.000000
829.774742
0.000000
0.011793
0.000000
0.000000
0.000000
0.000000
