1823772073.952416
1875.986051
4257.525469
3414.588701
6200.356790
1889.159454
4594.180409
4977.727899
5790.768436
4942.590856
6784.679904
5045.986223
2554.900431
5049.842298
3349.477040
6443.345555
6258.902966
1348.533490
4548.252617
4797.458380
4844.025152
3259.712089
2904.428344
5684.799671
1729.792869
3047.009320
2959.626363
2791.140664
2715.035371
5833.029015
4598.354559
6762.757893
1898.734392
4611.419078
2839.060257
3250.165738
1232.522240
418.324463
5070.362498
2461.373546
577.200188
1257.949522
5335.639013
6679.061190
1281.406429
1579.851196
1023.756206
6484.803986
501.052445
6960.259489
727.511247
1045.340517
2204.294805
2105.640402
5784.530728
3480.416861
1995.496889
3570.561307
3095.568113
6182.432102
5419.219983
4402.853648
3606.105648
5487.089736
3472.985192
3399.837608
2756.425350
4948.184601
3719.075705
1616.978175
2849.776954
1261.650983
3534.913646
4596.260290
3351.269701
3882.976999
3867.021271
1393.023014
3659.547778
1382.278019
5948.213917
1356.406668
5479.759194
1561.622905
1711.961936
4304.820816
6013.514958
4021.892673
3158.973796
6230.277551
779.650061
5200.858786
5235.069171
5039.294419
239.207074
6129.822719
4684.545222
3937.745931
3517.392270
6839.509744
0.000000
0.000000
0.000000
0.000000
0.000000
0.000000
0.000000
0.000000
0.000000
0.000000
0.000000
0.000000
0.000000
0.000000
0.000000
0.000000
0.000000
0.000000
0.000000
0.000000
0.000000
0.000000
0.000000
0.000000
0.000000
0.000000
0.000000
0.000000
0.000000
0.000000
0.000000
0.000000
0.000000
0.000000
0.000000
0.000000
0.000000
0.000000
0.000000
0.000000
0.000000
0.000000
0.000000
0.000000
0.000000
0.000000
0.000000
0.000000
0.000000
0.000000
0.000000
0.000000
0.000000
0.000000
0.000000
0.000000
0.000000
0.000000
0.000000
0.000000
0.000000
0.000000
0.000000
0.000000
0.000000
0.000000
0.000000
0.000000
0.000000
0.000000
0.000000
0.000000
0.000000
0.000000
0.000000
0.000000
0.000000
0.000000
0.000000
0.000000
0.000000
0.000000
0.000000
0.000000
0.000000
0.000000
0.000000
0.000000
0.000000
0.000000
0.000000
0.000000
0.000000
0.000000
0.000000
0.000000
0.000000
0.000000
0.000000
0.000000
