1704747814.630408
3703.201329
1658.337457
3128.541161
3725.988507
2005.263380
2631.835442
2543.246441
5590.605737
6465.132934
1856.231676
5281.690324
3397.430729
3145.157658
4683.584784
2052.034045
4886.578051
5051.314804
3277.364772
5806.922608
5336.543173
430.150258
5800.417102
3177.924610
4872.824514
4478.855667
1732.055151
1778.919415
46.850741
296.146008
4408.624499
2073.077397
712.293080
4440.268761
3371.478749
4706.752251
599.107516
666.527799
1730.882979
5792.274138
761.310290
2412.599242
433.020851
6166.276568
94.365743
706.265178
3058.567430
2806.133529
6708.070644
4395.587945
4017.469768
5401.787953
6758.092325
4595.567980
1823.283377
1128.519147
2017.562871
2647.022447
6346.757288
45.232983
6978.877447
5788.931072
4535.908408
3378.144003
6518.555319
2938.825314
1122.057638
115.547076
5397.599091
1100.785852
3339.706359
1302.264538
2145.800908
395.172738
2509.605305
1119.550396
2208.126036
3059.921676
124.414949
1341.698575
611.405819
5016.133630
6527.367380
2176.362694
3005.949491
7269.448931
4852.027193
2788.936741
842.327397
1639.864469
1627.787586
3854.972472
5609.411804
3637.516094
1466.126261
6254.980787
6024.728304
4081.924689
5594.600239
6016.733641
0.000000
0.000000
0.000000
0.000000
0.000000
0.000000
0.000000
0.000000
0.000000
0.000000
0.000000
0.000000
0.000000
0.000000
0.000000
0.000000
0.000000
0.000000
0.000000
0.000000
0.000000
0.000000
0.000000
0.000000
0.000000
0.000000
0.000000
0.000000
0.000000
0.000000
0.000000
0.000000
0.000000
0.000000
0.000000
0.000000
0.000000
0.000000
0.000000
0.000000
0.000000
0.000000
0.000000
0.000000
0.000000
0.000000
0.000000
0.000000
0.000000
0.000000
0.000000
0.000000
0.000000
0.000000
0.000000
0.000000
0.000000
0.000000
0.000000
0.000000
0.000000
0.000000
0.000000
0.000000
0.000000
0.000000
0.000000
0.000000
0.000000
0.000000
0.000000
0.000000
0.000000
0.000000
0.000000
0.000000
0.000000
0.000000
0.000000
0.000000
0.000000
0.000000
0.000000
0.000000
0.000000
0.000000
0.000000
0.000000
0.000000
0.000000
0.000000
0.000000
0.000000
0.000000
0.000000
0.000000
0.000000
0.000000
0.000000
0.000000
