1769604734.211690
1154.314319
4785.884325
2787.403651
2934.624314
2161.521735
3654.945578
2834.010798
513.204468
5001.623499
3041.711395
2688.648684
1942.077938
2308.270429
1567.000125
1388.666093
4349.905761
3329.601710
625.078176
980.775296
2370.339913
3773.686798
3630.005633
2615.755680
5718.238879
1497.880228
884.647482
1139.394164
1416.821854
2855.276176
1976.088532
4920.787024
3341.911692
2018.161247
227.750136
1614.588961
1138.415278
3623.526750
7035.789258
3994.094061
6053.961926
5840.993971
3648.497768
6052.272457
4460.030302
6964.411839
3428.326695
184.470263
4455.058263
4930.500921
5147.459655
6762.217677
6298.795910
3469.629922
5051.445498
1850.515503
5900.636310
1135.282784
3458.069732
2051.511369
1645.504294
178.530510
2866.434944
3876.587396
3919.678483
5618.924254
5859.036276
3392.086447
3370.308228
2416.296360
5760.341267
5768.629006
2504.710240
1923.231345
185.741324
2976.948939
4187.428781
1190.341257
610.548611
3442.195683
281.365310
6539.264503
3825.636469
4980.907573
2825.929991
3510.640579
527.596922
3344.832247
1572.694424
1315.087809
4177.853297
1393.447906
2284.162143
1167.935847
5105.341064
7277.813373
5416.861869
4657.523999
479.790327
2910.801433
