1631200703.713835
357.107812
6432.525022
7117.982879
6973.710510
1733.870360
455.740034
4176.246158
173.275437
2217.164876
268.880342
6753.091720
2688.329895
2406.045254
1774.676961
2504.449817
6533.855489
4189.815428
1060.600030
6648.413984
2378.656610
265.498475
2459.571410
5895.863491
6974.297759
2782.919684
1409.805579
5914.421933
796.873962
7073.985516
2867.948539
1679.740242
1151.487603
4312.225471
3599.185905
771.189693
1622.709457
5901.989192
1643.236649
6323.309183
3842.252769
3007.185397
3283.914700
3052.222971
6006.375267
1068.754959
5647.372789
2242.702201
4144.612417
3638.752809
6633.514114
1050.760105
2063.537561
23.737715
3012.426325
2544.367463
1737.960629
4488.019016
2397.730333
375.995433
2741.027374
6693.043372
6539.340577
6617.141025
6287.847214
2716.974421
418.848650
240.592718
1169.259586
6318.029990
2810.994048
4126.547829
7046.963671
6741.353255
913.061208
2.412698
7386.194995
3531.839479
1300.108653
5407.512512
1873.712882
2063.135869
115.397656
4119.936805
585.913098
2634.476406
3006.974974
6927.900868
6432.198398
658.360549
5033.743383
534.732096
42.370848
3307.074212
3945.872041
3824.873823
6833.516641
347.033789
1521.779460
3365.308625
